{
  "RSpec": {
    "coverage": {
      "/Users/m/Projects/tech-tests/simple_warehouse/spec/simple_warehouse_spec.rb": {
        "lines": [
          null,
          null,
          1,
          null,
          1,
          12,
          null,
          2,
          2,
          2,
          2,
          2,
          2,
          null,
          1,
          1,
          1,
          1,
          null,
          1,
          null,
          1,
          null,
          null,
          null,
          1,
          1,
          1,
          null,
          null,
          1,
          1,
          null,
          1,
          null,
          null,
          null,
          1,
          1,
          1,
          null,
          null,
          1,
          1,
          null,
          1,
          null,
          1,
          null,
          null,
          null,
          1,
          1,
          1,
          null,
          null,
          1,
          1,
          1,
          null,
          1,
          null,
          1,
          null,
          null,
          null,
          1,
          1,
          1,
          1,
          1,
          2,
          null,
          null,
          null,
          1,
          1,
          1,
          null,
          null,
          1,
          1,
          1,
          null,
          1,
          null,
          null,
          null
        ]
      },
      "/Users/m/Projects/tech-tests/simple_warehouse/lib/simple_warehouse.rb": {
        "lines": [
          null,
          null,
          1,
          1,
          null,
          1,
          1,
          1,
          null,
          1,
          13,
          13,
          13,
          13,
          13,
          null,
          null,
          1,
          0,
          0,
          0,
          0,
          0,
          0,
          0,
          null,
          0,
          null,
          0,
          null,
          0,
          null,
          null,
          null,
          null,
          1,
          7,
          7,
          7,
          7,
          7,
          7,
          7,
          7,
          null,
          null,
          1,
          6,
          6,
          null,
          null,
          1,
          2,
          2,
          null,
          null,
          1,
          1,
          null,
          null,
          1,
          5,
          null,
          null,
          1,
          null,
          1,
          1,
          3,
          9,
          null,
          null,
          null,
          null,
          1,
          80,
          null,
          null,
          1,
          7,
          null,
          null,
          1,
          120,
          null,
          null,
          1,
          7,
          7,
          null,
          null,
          1,
          0,
          0,
          null,
          null
        ]
      },
      "/Users/m/Projects/tech-tests/simple_warehouse/lib/storage.rb": {
        "lines": [
          null,
          null,
          1,
          1,
          6,
          6,
          6,
          6,
          6,
          6,
          6,
          null,
          null,
          1,
          2,
          2,
          2,
          2,
          2,
          2,
          2,
          2,
          null,
          null,
          1,
          null,
          1,
          6,
          6,
          6,
          6,
          6,
          6,
          null,
          null,
          1,
          2,
          2,
          null,
          null,
          1,
          13,
          6,
          3,
          1,
          null,
          null,
          null,
          1,
          8,
          8,
          null,
          null
        ]
      },
      "/Users/m/Projects/tech-tests/simple_warehouse/lib/instructions.rb": {
        "lines": [
          null,
          null,
          1,
          1,
          0,
          null,
          null,
          1,
          0,
          null,
          null,
          1,
          0,
          null,
          null,
          1,
          null,
          1,
          0,
          null,
          null,
          null,
          null,
          null,
          null,
          null,
          null,
          null,
          null,
          null,
          null,
          null,
          null,
          null,
          null,
          null,
          null,
          null,
          null,
          null,
          null,
          null,
          null,
          null,
          null,
          null,
          null,
          null,
          null,
          null,
          null,
          1,
          0,
          null,
          null,
          null,
          null,
          null,
          null,
          null,
          null,
          null,
          null,
          1,
          0,
          null,
          null
        ]
      },
      "/Users/m/Projects/tech-tests/simple_warehouse/spec/storage_spec.rb": {
        "lines": [
          null,
          null,
          1,
          null,
          1,
          3,
          1,
          null,
          1,
          1,
          1,
          null,
          null,
          1,
          1,
          null,
          1,
          null,
          1,
          null,
          null,
          null,
          1,
          1,
          1,
          null,
          null,
          1,
          1,
          1,
          null,
          1,
          null,
          1,
          null,
          null,
          null
        ]
      }
    },
    "timestamp": 1653437849
  }
}
